[2015-03-12 16:26:46.501] [DEBUG] uiserver - GET /dashboard/apicall?url=http://localhost:8082/metrics/staticviolations?product=cvp
[2015-03-12 16:26:46.505] [DEBUG] uiserver - GET /dashboard/apicall?url=http://localhost:8082/metrics/defectcount?product=cvp
[2015-03-12 16:26:46.526] [DEBUG] uiserver - GET /dashboard/apicall?url=http://localhost:8082/metrics/cibuild?product=cvp
[2015-03-12 16:26:46.527] [DEBUG] uiserver - GET /dashboard/apicall?url=http://localhost:8082/metrics/risktoship?product=cvp
[2015-03-12 16:26:47.407] [DEBUG] uiserver - Error: http://localhost:8082/metrics/cibuild?product=cvp: 500
[2015-03-12 16:26:47.412] [DEBUG] uiserver - GET /dashboard/apicall?url=http://localhost:8082/metrics/linecoverage?product=cvp
[2015-03-12 16:35:54.050] [DEBUG] uiserver - GET /dashboard/
[2015-03-12 16:35:54.132] [DEBUG] uiserver - GET /dashboard/scripts/thirdparty/bootstrap-3.1.1/css/bootstrap.min.css
[2015-03-12 16:35:54.145] [DEBUG] uiserver - GET /dashboard/scripts/thirdparty/bootstrap-3.1.1/css/bootstrap-theme.min.css
[2015-03-12 16:35:54.168] [DEBUG] uiserver - GET /dashboard/styles/dashboard.css
[2015-03-12 16:35:54.174] [DEBUG] uiserver - GET /dashboard/scripts/thirdparty/angular-1.2.13/angular.js
[2015-03-12 16:35:54.195] [DEBUG] uiserver - GET /dashboard/scripts/thirdparty/angular-1.2.13/angular-resource.js
[2015-03-12 16:35:54.201] [DEBUG] uiserver - GET /dashboard/scripts/thirdparty/highcharts/highcharts.js
[2015-03-12 16:35:54.220] [DEBUG] uiserver - GET /dashboard/scripts/thirdparty/angular-1.2.13/angular-route.js
[2015-03-12 16:35:54.223] [DEBUG] uiserver - GET /dashboard/scripts/thirdparty/jquery/jquery-1.11.0.js
[2015-03-12 16:35:54.224] [DEBUG] uiserver - GET /dashboard/scripts/thirdparty/jquery/jquery-ui.min.js
[2015-03-12 16:35:54.225] [DEBUG] uiserver - GET /dashboard/scripts/thirdparty/bootstrap-3.1.1/js/bootstrap.min.js
[2015-03-12 16:35:54.249] [DEBUG] uiserver - GET /dashboard/scripts/thirdparty/highcharts/highcharts-3d.js
[2015-03-12 16:35:54.250] [DEBUG] uiserver - GET /dashboard/scripts/dashboard.js
[2015-03-12 16:35:54.251] [DEBUG] uiserver - GET /dashboard/scripts/utils.js
[2015-03-12 16:35:54.253] [DEBUG] uiserver - GET /dashboard/scripts/addDashboard.js
[2015-03-12 16:35:54.258] [DEBUG] uiserver - GET /dashboard/scripts/update.js
[2015-03-12 16:35:54.517] [DEBUG] uiserver - GET /dashboard/templates/main.html
[2015-03-12 16:35:54.633] [DEBUG] uiserver - GET /dashboard/dashboards
[2015-03-12 16:35:54.638] [DEBUG] uiserver - GET /dashboard/scripts/thirdparty/bootstrap-3.1.1/fonts/glyphicons-halflings-regular.woff
[2015-03-13 10:29:05.871] [DEBUG] uiserver - GET /dashboard/
[2015-03-13 10:29:05.897] [DEBUG] uiserver - GET /dashboard/scripts/thirdparty/bootstrap-3.1.1/css/bootstrap.min.css
[2015-03-13 10:29:05.900] [DEBUG] uiserver - GET /dashboard/scripts/thirdparty/bootstrap-3.1.1/css/bootstrap-theme.min.css
[2015-03-13 10:29:05.902] [DEBUG] uiserver - GET /dashboard/styles/dashboard.css
[2015-03-13 10:29:05.902] [DEBUG] uiserver - GET /dashboard/scripts/thirdparty/angular-1.2.13/angular.js
[2015-03-13 10:29:05.934] [DEBUG] uiserver - GET /dashboard/scripts/thirdparty/angular-1.2.13/angular-resource.js
[2015-03-13 10:29:05.938] [DEBUG] uiserver - GET /dashboard/scripts/thirdparty/angular-1.2.13/angular-route.js
[2015-03-13 10:29:05.964] [DEBUG] uiserver - GET /dashboard/scripts/thirdparty/jquery/jquery-1.11.0.js
[2015-03-13 10:29:05.965] [DEBUG] uiserver - GET /dashboard/scripts/thirdparty/jquery/jquery-ui.min.js
[2015-03-13 10:29:05.970] [DEBUG] uiserver - GET /dashboard/scripts/thirdparty/bootstrap-3.1.1/js/bootstrap.min.js
[2015-03-13 10:29:05.970] [DEBUG] uiserver - GET /dashboard/scripts/thirdparty/highcharts/highcharts.js
[2015-03-13 10:29:05.971] [DEBUG] uiserver - GET /dashboard/scripts/thirdparty/highcharts/highcharts-3d.js
[2015-03-13 10:29:05.971] [DEBUG] uiserver - GET /dashboard/scripts/dashboard.js
[2015-03-13 10:29:06.010] [DEBUG] uiserver - GET /dashboard/scripts/utils.js
[2015-03-13 10:29:06.010] [DEBUG] uiserver - GET /dashboard/scripts/addDashboard.js
[2015-03-13 10:29:06.011] [DEBUG] uiserver - GET /dashboard/scripts/update.js
[2015-03-13 10:29:06.354] [DEBUG] uiserver - GET /dashboard/templates/main.html
[2015-03-13 10:29:06.423] [DEBUG] uiserver - GET /favicon.ico
[2015-03-13 10:29:06.444] [DEBUG] uiserver - GET /dashboard/dashboards
[2015-03-13 10:29:06.467] [DEBUG] uiserver - GET /dashboard/scripts/thirdparty/bootstrap-3.1.1/fonts/glyphicons-halflings-regular.woff
[2015-03-13 10:29:09.316] [DEBUG] uiserver - GET /dashboard/
[2015-03-13 10:29:09.387] [DEBUG] uiserver - GET /dashboard/scripts/thirdparty/bootstrap-3.1.1/css/bootstrap.min.css
[2015-03-13 10:29:09.388] [DEBUG] uiserver - GET /dashboard/scripts/thirdparty/bootstrap-3.1.1/css/bootstrap-theme.min.css
[2015-03-13 10:29:09.389] [DEBUG] uiserver - GET /dashboard/styles/dashboard.css
[2015-03-13 10:29:09.390] [DEBUG] uiserver - GET /dashboard/scripts/thirdparty/angular-1.2.13/angular.js
[2015-03-13 10:29:09.407] [DEBUG] uiserver - GET /dashboard/scripts/thirdparty/angular-1.2.13/angular-resource.js
[2015-03-13 10:29:09.407] [DEBUG] uiserver - GET /dashboard/scripts/thirdparty/angular-1.2.13/angular-route.js
[2015-03-13 10:29:09.413] [DEBUG] uiserver - GET /dashboard/scripts/thirdparty/jquery/jquery-1.11.0.js
[2015-03-13 10:29:09.415] [DEBUG] uiserver - GET /dashboard/scripts/thirdparty/jquery/jquery-ui.min.js
[2015-03-13 10:29:09.416] [DEBUG] uiserver - GET /dashboard/scripts/thirdparty/bootstrap-3.1.1/js/bootstrap.min.js
[2015-03-13 10:29:09.417] [DEBUG] uiserver - GET /dashboard/scripts/thirdparty/highcharts/highcharts.js
[2015-03-13 10:29:09.418] [DEBUG] uiserver - GET /dashboard/scripts/thirdparty/highcharts/highcharts-3d.js
[2015-03-13 10:29:09.432] [DEBUG] uiserver - GET /dashboard/scripts/dashboard.js
[2015-03-13 10:29:09.433] [DEBUG] uiserver - GET /dashboard/scripts/utils.js
[2015-03-13 10:29:09.434] [DEBUG] uiserver - GET /dashboard/scripts/addDashboard.js
[2015-03-13 10:29:09.435] [DEBUG] uiserver - GET /dashboard/scripts/update.js
[2015-03-13 10:29:09.702] [DEBUG] uiserver - GET /dashboard/templates/dashboard.html
[2015-03-13 10:29:09.770] [DEBUG] uiserver - GET /dashboard/templates/widget.html
[2015-03-13 10:29:09.771] [DEBUG] uiserver - GET /dashboard/dashboard-4/widgets
[2015-03-13 10:29:09.816] [DEBUG] uiserver - GET /dashboard/templates/datagadget.html
[2015-03-13 10:29:09.817] [DEBUG] uiserver - GET /dashboard/images/loading-4.gif
[2015-03-13 10:29:09.947] [DEBUG] uiserver - GET /dashboard/images/all-good-2.png
[2015-03-13 10:29:09.948] [DEBUG] uiserver - GET /dashboard/images/not-so-good-2.png
[2015-03-13 10:29:09.948] [DEBUG] uiserver - GET /dashboard/images/tick.png
[2015-03-13 10:29:09.948] [DEBUG] uiserver - GET /dashboard/images/cross.png
[2015-03-13 10:29:09.951] [DEBUG] uiserver - GET /dashboard/images/Pending.png
[2015-03-13 10:29:09.953] [DEBUG] uiserver - GET /dashboard/images/%7B%7Bpoint.status%7D%7D.png
[2015-03-13 10:29:09.986] [DEBUG] uiserver - GET /dashboard/images/Failed.png
[2015-03-13 10:29:10.848] [DEBUG] uiserver - GET /dashboard/apicall?url=http://localhost:8082/metrics/teststatistics?product=sm
[2015-03-13 10:29:10.850] [DEBUG] uiserver - GET /dashboard/apicall?url=http://localhost:8082/metrics/defectcount?product=sm
[2015-03-13 10:29:10.851] [DEBUG] uiserver - GET /dashboard/apicall?url=http://localhost:8082/metrics/staticviolations?product=sm
[2015-03-13 10:29:10.854] [DEBUG] uiserver - GET /dashboard/apicall?url=http://localhost:8082/metrics/cibuild?product=sm
[2015-03-13 10:29:10.869] [DEBUG] uiserver - GET /dashboard/apicall?url=http://localhost:8082/metrics/risktoship?product=sm
[2015-03-13 10:29:10.870] [DEBUG] uiserver - GET /dashboard/apicall?url=http://localhost:8082/metrics/linecoverage?product=sm
[2015-03-13 10:29:13.374] [DEBUG] uiserver - GET /dashboard/apicall?url=http://localhost:8082/metrics/defectstatistics?product=sm
[2015-03-13 10:29:16.840] [DEBUG] uiserver - GET /dashboard/images/Success.png
[2015-03-13 10:29:16.841] [DEBUG] uiserver - GET /dashboard/images/Unstable.png
[2015-03-13 10:29:18.103] [DEBUG] uiserver - GET /dashboard/scripts/thirdparty/bootstrap-3.1.1/fonts/glyphicons-halflings-regular.woff
[2015-03-13 10:33:50.346] [DEBUG] uiserver - GET /dashboard/
[2015-03-13 10:33:50.384] [DEBUG] uiserver - GET /dashboard/scripts/thirdparty/bootstrap-3.1.1/css/bootstrap.min.css
[2015-03-13 10:33:50.386] [DEBUG] uiserver - GET /dashboard/scripts/thirdparty/bootstrap-3.1.1/css/bootstrap-theme.min.css
[2015-03-13 10:33:50.386] [DEBUG] uiserver - GET /dashboard/styles/dashboard.css
[2015-03-13 10:33:50.389] [DEBUG] uiserver - GET /dashboard/scripts/thirdparty/angular-1.2.13/angular.js
[2015-03-13 10:33:50.397] [DEBUG] uiserver - GET /dashboard/scripts/thirdparty/angular-1.2.13/angular-resource.js
[2015-03-13 10:33:50.402] [DEBUG] uiserver - GET /dashboard/scripts/thirdparty/angular-1.2.13/angular-route.js
[2015-03-13 10:33:50.405] [DEBUG] uiserver - GET /dashboard/scripts/thirdparty/jquery/jquery-1.11.0.js
[2015-03-13 10:33:50.406] [DEBUG] uiserver - GET /dashboard/scripts/thirdparty/jquery/jquery-ui.min.js
[2015-03-13 10:33:50.407] [DEBUG] uiserver - GET /dashboard/scripts/thirdparty/bootstrap-3.1.1/js/bootstrap.min.js
[2015-03-13 10:33:50.407] [DEBUG] uiserver - GET /dashboard/scripts/thirdparty/highcharts/highcharts.js
[2015-03-13 10:33:50.408] [DEBUG] uiserver - GET /dashboard/scripts/thirdparty/highcharts/highcharts-3d.js
[2015-03-13 10:33:50.411] [DEBUG] uiserver - GET /dashboard/scripts/dashboard.js
[2015-03-13 10:33:50.413] [DEBUG] uiserver - GET /dashboard/scripts/utils.js
[2015-03-13 10:33:50.418] [DEBUG] uiserver - GET /dashboard/scripts/addDashboard.js
[2015-03-13 10:33:50.424] [DEBUG] uiserver - GET /dashboard/scripts/update.js
[2015-03-13 10:33:50.639] [DEBUG] uiserver - GET /dashboard/templates/dashboard.html
[2015-03-13 10:33:50.692] [DEBUG] uiserver - GET /dashboard/templates/widget.html
[2015-03-13 10:33:50.693] [DEBUG] uiserver - GET /dashboard/dashboard-2/widgets
[2015-03-13 10:33:50.732] [DEBUG] uiserver - GET /dashboard/images/loading-4.gif
[2015-03-13 10:33:50.749] [DEBUG] uiserver - GET /dashboard/templates/datagadget.html
[2015-03-13 10:33:50.804] [DEBUG] uiserver - GET /dashboard/images/all-good-2.png
[2015-03-13 10:33:50.808] [DEBUG] uiserver - GET /dashboard/images/not-so-good-2.png
[2015-03-13 10:33:50.810] [DEBUG] uiserver - GET /dashboard/images/tick.png
[2015-03-13 10:33:50.816] [DEBUG] uiserver - GET /dashboard/images/cross.png
[2015-03-13 10:33:50.819] [DEBUG] uiserver - GET /dashboard/images/Pending.png
[2015-03-13 10:33:50.822] [DEBUG] uiserver - GET /dashboard/images/Failed.png
[2015-03-13 10:33:50.918] [DEBUG] uiserver - GET /dashboard/images/%7B%7Bpoint.status%7D%7D.png
[2015-03-13 10:33:52.857] [DEBUG] uiserver - GET /dashboard/apicall?url=http://localhost:8082/metrics/defectdistribution?product=cvp
[2015-03-13 10:33:52.860] [DEBUG] uiserver - GET /dashboard/apicall?url=http://localhost:8082/metrics/risktoship?product=cvp
[2015-03-13 10:33:52.861] [DEBUG] uiserver - GET /dashboard/apicall?url=http://localhost:8082/metrics/staticviolations?product=cvp
[2015-03-13 10:33:52.869] [DEBUG] uiserver - GET /dashboard/apicall?url=http://localhost:8082/metrics/linecoverage?product=cvp
[2015-03-13 10:33:52.869] [DEBUG] uiserver - GET /dashboard/apicall?url=http://localhost:8082/metrics/defectcount?product=cvp
[2015-03-13 10:33:52.871] [DEBUG] uiserver - GET /dashboard/apicall?url=http://localhost:8082/metrics/defectstatistics?product=cvp
[2015-03-13 10:33:56.539] [DEBUG] uiserver - GET /dashboard/
[2015-03-13 10:33:56.541] [DEBUG] uiserver - GET /dashboard/apicall?url=http://localhost:8082/metrics/cibuild?product=cvp
[2015-03-13 10:33:57.102] [DEBUG] uiserver - Error: http://localhost:8082/metrics/cibuild?product=cvp: 500
[2015-03-13 10:33:57.104] [DEBUG] uiserver - GET /dashboard/
[2015-03-13 10:33:57.107] [DEBUG] uiserver - GET /dashboard/scripts/thirdparty/bootstrap-3.1.1/css/bootstrap.min.css
[2015-03-13 10:33:57.120] [DEBUG] uiserver - GET /dashboard/scripts/thirdparty/bootstrap-3.1.1/css/bootstrap-theme.min.css
[2015-03-13 10:33:57.131] [DEBUG] uiserver - GET /dashboard/styles/dashboard.css
[2015-03-13 10:33:57.140] [DEBUG] uiserver - GET /dashboard/scripts/thirdparty/angular-1.2.13/angular.js
[2015-03-13 10:33:57.142] [DEBUG] uiserver - GET /dashboard/scripts/thirdparty/angular-1.2.13/angular-resource.js
[2015-03-13 10:33:57.146] [DEBUG] uiserver - GET /dashboard/scripts/thirdparty/angular-1.2.13/angular-route.js
[2015-03-13 10:33:57.154] [DEBUG] uiserver - GET /dashboard/scripts/thirdparty/jquery/jquery-1.11.0.js
[2015-03-13 10:33:57.161] [DEBUG] uiserver - GET /dashboard/scripts/thirdparty/jquery/jquery-ui.min.js
[2015-03-13 10:33:57.164] [DEBUG] uiserver - GET /dashboard/scripts/thirdparty/bootstrap-3.1.1/js/bootstrap.min.js
[2015-03-13 10:33:57.170] [DEBUG] uiserver - GET /dashboard/scripts/thirdparty/highcharts/highcharts.js
[2015-03-13 10:33:57.176] [DEBUG] uiserver - GET /dashboard/scripts/thirdparty/highcharts/highcharts-3d.js
[2015-03-13 10:33:57.180] [DEBUG] uiserver - GET /dashboard/scripts/dashboard.js
[2015-03-13 10:33:57.189] [DEBUG] uiserver - GET /dashboard/scripts/utils.js
[2015-03-13 10:33:57.196] [DEBUG] uiserver - GET /dashboard/scripts/addDashboard.js
[2015-03-13 10:33:57.201] [DEBUG] uiserver - GET /dashboard/scripts/update.js
[2015-03-13 10:33:57.521] [DEBUG] uiserver - GET /dashboard/templates/dashboard.html
[2015-03-13 10:33:57.557] [DEBUG] uiserver - GET /dashboard/templates/dashboard.html
[2015-03-13 10:33:57.635] [DEBUG] uiserver - GET /dashboard/templates/widget.html
[2015-03-13 10:33:57.638] [DEBUG] uiserver - GET /dashboard/dashboard-0/widgets
[2015-03-13 10:33:57.741] [DEBUG] uiserver - GET /dashboard/templates/widget.html
[2015-03-13 10:33:57.742] [DEBUG] uiserver - GET /dashboard/dashboard-1/widgets
[2015-03-13 10:33:57.814] [DEBUG] uiserver - GET /dashboard/images/loading-4.gif
[2015-03-13 10:33:57.826] [DEBUG] uiserver - GET /dashboard/templates/datagadget.html
[2015-03-13 10:33:57.860] [DEBUG] uiserver - GET /dashboard/templates/datagadget.html
[2015-03-13 10:33:57.905] [DEBUG] uiserver - GET /dashboard/images/all-good-2.png
[2015-03-13 10:33:57.906] [DEBUG] uiserver - GET /dashboard/images/not-so-good-2.png
[2015-03-13 10:33:57.909] [DEBUG] uiserver - GET /dashboard/images/tick.png
[2015-03-13 10:33:57.916] [DEBUG] uiserver - GET /dashboard/images/cross.png
[2015-03-13 10:33:57.917] [DEBUG] uiserver - GET /dashboard/images/Pending.png
[2015-03-13 10:33:57.917] [DEBUG] uiserver - GET /dashboard/images/Failed.png
[2015-03-13 10:33:57.966] [DEBUG] uiserver - GET /dashboard/images/%7B%7Bpoint.status%7D%7D.png
[2015-03-13 10:33:58.944] [DEBUG] uiserver - GET /dashboard/apicall?url=http://localhost:8082/metrics/defectdistribution?product=uccx
[2015-03-13 10:33:58.944] [DEBUG] uiserver - GET /dashboard/apicall?url=http://localhost:8082/metrics/cibuild?product=uccx
[2015-03-13 10:33:58.946] [DEBUG] uiserver - GET /dashboard/apicall?url=http://localhost:8082/metrics/linecoverage?product=uccx
[2015-03-13 10:33:59.177] [DEBUG] uiserver - Error: http://localhost:8082/metrics/cibuild?product=uccx: 500
[2015-03-13 10:33:59.185] [DEBUG] uiserver - GET /dashboard/apicall?url=http://localhost:8082/metrics/defectcount?product=uccx
[2015-03-13 10:33:59.655] [DEBUG] uiserver - GET /dashboard/
[2015-03-13 10:33:59.667] [DEBUG] uiserver - GET /dashboard/apicall?url=http://localhost:8082/metrics/risktoship?product=uccx
[2015-03-13 10:34:01.255] [DEBUG] uiserver - GET /dashboard/scripts/thirdparty/bootstrap-3.1.1/css/bootstrap.min.css
[2015-03-13 10:34:01.259] [DEBUG] uiserver - GET /dashboard/scripts/thirdparty/bootstrap-3.1.1/css/bootstrap-theme.min.css
[2015-03-13 10:34:01.265] [DEBUG] uiserver - GET /dashboard/styles/dashboard.css
[2015-03-13 10:34:01.267] [DEBUG] uiserver - GET /dashboard/apicall?url=http://localhost:8082/metrics/defectstatistics?product=uccx
[2015-03-13 10:34:02.802] [DEBUG] uiserver - GET /dashboard/apicall?url=http://localhost:8082/metrics/staticviolations?product=uccx
[2015-03-13 10:34:03.324] [DEBUG] uiserver - GET /dashboard/scripts/thirdparty/angular-1.2.13/angular.js
[2015-03-13 10:34:03.339] [DEBUG] uiserver - GET /dashboard/scripts/thirdparty/angular-1.2.13/angular-resource.js
[2015-03-13 10:34:03.346] [DEBUG] uiserver - GET /dashboard/scripts/thirdparty/angular-1.2.13/angular-route.js
[2015-03-13 10:34:03.354] [DEBUG] uiserver - GET /dashboard/scripts/thirdparty/jquery/jquery-1.11.0.js
[2015-03-13 10:34:03.358] [DEBUG] uiserver - GET /dashboard/scripts/thirdparty/jquery/jquery-ui.min.js
[2015-03-13 10:34:03.361] [DEBUG] uiserver - GET /dashboard/scripts/thirdparty/bootstrap-3.1.1/js/bootstrap.min.js
[2015-03-13 10:34:03.370] [DEBUG] uiserver - GET /dashboard/scripts/thirdparty/highcharts/highcharts.js
[2015-03-13 10:34:03.376] [DEBUG] uiserver - GET /dashboard/scripts/thirdparty/highcharts/highcharts-3d.js
[2015-03-13 10:34:03.379] [DEBUG] uiserver - GET /dashboard/scripts/dashboard.js
[2015-03-13 10:34:03.381] [DEBUG] uiserver - GET /dashboard/scripts/utils.js
[2015-03-13 10:34:03.383] [DEBUG] uiserver - GET /dashboard/scripts/addDashboard.js
[2015-03-13 10:34:03.386] [DEBUG] uiserver - GET /dashboard/scripts/update.js
[2015-03-13 10:34:03.394] [DEBUG] uiserver - GET /dashboard/apicall?url=http://localhost:8082/metrics/defectdistribution?product=cuic
[2015-03-13 10:34:04.549] [DEBUG] uiserver - GET /dashboard/apicall?url=http://localhost:8082/metrics/risktoship?product=cuic
[2015-03-13 10:34:05.272] [DEBUG] uiserver - GET /dashboard/apicall?url=http://localhost:8082/metrics/defectstatistics?product=cuic
[2015-03-13 10:34:06.577] [DEBUG] uiserver - GET /dashboard/apicall?url=http://localhost:8082/metrics/linecoverage?product=cuic
[2015-03-13 10:34:07.245] [DEBUG] uiserver - GET /dashboard/apicall?url=http://localhost:8082/metrics/cibuild?product=cuic
[2015-03-13 10:34:07.589] [DEBUG] uiserver - GET /dashboard/apicall?url=http://localhost:8082/metrics/staticviolations?product=cuic
[2015-03-13 10:34:07.856] [DEBUG] uiserver - GET /dashboard/apicall?url=http://localhost:8082/metrics/defectcount?product=cuic
[2015-03-13 10:34:10.660] [DEBUG] uiserver - GET /dashboard/templates/dashboard.html
[2015-03-13 10:34:10.698] [DEBUG] uiserver - GET /dashboard/templates/widget.html
[2015-03-13 10:34:10.701] [DEBUG] uiserver - GET /dashboard/dashboard-3/widgets
[2015-03-13 10:34:10.711] [DEBUG] uiserver - GET /dashboard/images/loading-4.gif
[2015-03-13 10:34:10.726] [DEBUG] uiserver - GET /dashboard/templates/datagadget.html
[2015-03-13 10:34:10.752] [DEBUG] uiserver - GET /dashboard/images/all-good-2.png
[2015-03-13 10:34:10.755] [DEBUG] uiserver - GET /dashboard/images/not-so-good-2.png
[2015-03-13 10:34:10.757] [DEBUG] uiserver - GET /dashboard/images/tick.png
[2015-03-13 10:34:10.759] [DEBUG] uiserver - GET /dashboard/images/cross.png
[2015-03-13 10:34:10.761] [DEBUG] uiserver - GET /dashboard/images/Pending.png
[2015-03-13 10:34:10.763] [DEBUG] uiserver - GET /dashboard/images/Failed.png
[2015-03-13 10:34:10.792] [DEBUG] uiserver - GET /dashboard/images/%7B%7Bpoint.status%7D%7D.png
[2015-03-13 10:34:11.757] [DEBUG] uiserver - GET /dashboard/apicall?url=http://localhost:8082/metrics/defectdistribution?product=vb
[2015-03-13 10:34:11.758] [DEBUG] uiserver - GET /dashboard/apicall?url=http://localhost:8082/metrics/defectcount?product=vb
[2015-03-13 10:34:12.953] [DEBUG] uiserver - GET /dashboard/apicall?url=http://localhost:8082/metrics/risktoship?product=vb
[2015-03-13 10:34:13.132] [DEBUG] uiserver - GET /dashboard/apicall?url=http://localhost:8082/metrics/staticviolations?product=vb
[2015-03-13 10:34:14.756] [DEBUG] uiserver - GET /dashboard/apicall?url=http://localhost:8082/metrics/linecoverage?product=vb
[2015-03-13 10:34:15.228] [DEBUG] uiserver - GET /dashboard/apicall?url=http://localhost:8082/metrics/cibuild?product=vb
[2015-03-13 10:34:15.395] [DEBUG] uiserver - GET /dashboard/apicall?url=http://localhost:8082/metrics/defectstatistics?product=vb
[2015-03-13 10:34:20.962] [DEBUG] uiserver - GET /dashboard/scripts/thirdparty/bootstrap-3.1.1/fonts/glyphicons-halflings-regular.woff
